<?xml version="1.0" encoding="UTF-8"?>
<!-- Generated by org.testng.reporters.JUnitReportReporter -->
<testsuite hostname="DESKTOP-CIEOMG7" failures="0" tests="1" name="DynamicJson_IV" time="3.779" errors="0" timestamp="2025-02-08T01:05:32 IST" skipped="0">
  <testcase classname="DynamicJson_IV" name="addPlace_StaticJsonFile" time="3.779"/>
</testsuite> <!-- DynamicJson_IV -->
