<?xml version="1.0" encoding="UTF-8"?>
<!-- Generated by org.testng.reporters.JUnitReportReporter -->
<testsuite hostname="DESKTOP-CIEOMG7" failures="0" tests="6" name="DynamicJson_III" time="3.427" errors="0" timestamp="2025-02-08T00:31:18 IST" skipped="0">
  <testcase classname="DynamicJson_III" name="deleteBook_TestNgDataProvider" time="0.349"/>
  <testcase classname="DynamicJson_III" name="addBook_TestNgDataProvider" time="2.637"/>
  <testcase classname="DynamicJson_III" name="deleteBook_TestNgDataProvider" time="0.105"/>
  <testcase classname="DynamicJson_III" name="addBook_TestNgDataProvider" time="0.110"/>
  <testcase classname="DynamicJson_III" name="addBook_TestNgDataProvider" time="0.108"/>
  <testcase classname="DynamicJson_III" name="deleteBook_TestNgDataProvider" time="0.118"/>
</testsuite> <!-- DynamicJson_III -->
