<?xml version="1.0" encoding="UTF-8"?>
<!-- Generated by org.testng.reporters.JUnitReportReporter -->
<testsuite hostname="DESKTOP-CIEOMG7" failures="0" tests="1" name="DynamicJson_I" time="1.952" errors="0" timestamp="2025-02-07T20:06:44 IST" skipped="0">
  <testcase classname="DynamicJson_I" name="addBook" time="1.952"/>
</testsuite> <!-- DynamicJson_I -->
